
  See if I can put together a map


69,, Johannes Albrecht
81,, Antonio Augusto Alves Jr
5,, Guilherme Amadio
27,, Giuseppe Andronico
122,, Nguyen Anh‐Ky
66,, Laurent Aphecetche
5,, John Apostolakis 
63,, Makoto Asai
5,, Luca Atzori
5,, Marian Babik
32,, Giuseppe Bagliesi
5,, Marilena Bandieramonte
16,, Sunanda Banerjee
5,, Martin Barisits
16,, Lothar A. T. Bauerdick
35,, Stefano Belforte
82,, Douglas Benjamin
63,, Catrin Bernius
46,, Wahid Bhimji
105,, Riccardo Maria Bianchi
5,, Ian Bird
52,, Catherine Biscarat
5,, Jakob Blomer
97,, Kenneth Bloom
32,, Tommaso Boccali
97,, Brian Bockelman
43,, Tomasz Bold
25,, Daniele Bonacorsi
101,, Antonio Boveia
28,, Concezio Bozzi
41,93, Marko Bracko
86,, David Britton
86,, Andy Buckley
5,, Predrag Buncic 
46,, Paolo Calafiura
5,, Simone Campana 
16,, Philippe Canal
5,, Luca Canali
31,, Gianpaolo Carlino
47,96, Nuno Castro
5,, Marco Cattaneo
5,, Gianluca Cerminara
5,, Javier Cervantes Villanueva 
75,, Philip Chang
76,, John Chapman
23,, Gang Chen
1,, Taylor Childers
83,, Peter Clarke
5,, Marco Clemencic
50,, Eric Cogneras
76,, Jeremy Coles
61,, Ian Collier
38,, David Colling
5,, Gloria Corti
5,, Gabriele Cosmo
112,, Davide Costanzo
5,, Ben Couturier
57,, Kyle Cranmer
1,, Jack Cranshaw
26,, Leonardo Cristella
86,,  David Crooks
52,, Sabine Crépé‐Renaudin
83,, Robert Currie
5,, Sünje Dallmeier‐Tiessen
114,, Kaushik De
87,, Michel De Cian
5,, Albert De Roeck
7,, Antonio Delgado Peris
51,, Frédéric Derue
5,, Alessandro Di Girolamo
30,, Salvatore Di Guida
5,, Gancho Dimitrov5 
91,, Caterina Doglioni
63,, Andrea Dotti
5,, Dirk Duellmann
45,, Laurent Duflot
16,, Dave Dykstra
5,, Katarzyna Dziedziniewicz‐Wojcik
5,, Agnieszka Dziurda
38,, Ulrik Egede
106,, Peter Elmer
2,, Johannes Elmsheuser
16,, V. Daniel Elvira
5,, Giulio Eulisse
46,, Steven Farrell
73,, Torben Ferber
41,, Andrej Filipcic
64,, Ian Fisk
14,, Conor Fitzpatrick
7,59, José Flix
39,, Andrea Formica
92,, Alessandra Forti
5,, Giovanni Franzoni
104,, James Frost
16,, Stu Fuess
13,, Frank Gaede
5,, Gerardo Ganis
80,, Robert Gardner
102,, Vincent Garonne
13,, Andreas Gellrich
16,, Krzysztof Genser
62,, Simon George
107,, Frank Geurts
5,, Andrei Gheata
5,, Mihaela Gheata
9,, Francesco Giacomini
34,109, Stefano Giagu
42,, Manuel Giffels
70,, Douglas Gingrich
5,, Maria Girone
51,, Vladimir V. Gligorov
114,, Ivan Glushkov
88,, Wesley Gohn
5,, Jose Benito Gonzalez Lopez
103,, Isidro González Caballero
103,, Juan R. González Fernández
16,, Giacomo Govi
25,, Claudio Grandi
45,, Hadrien Grasland
46,, Heather Gray
92,, Lucia Grillo
119,, Wen Guan
16,, Oliver Gutsche
40,, Vardan Gyurjyan
63,, Andrew Hanushevsky
5,, Farah Hariri
13,, Thomas Hartmann
5,, John Harvey
42,, Thomas Hauth
5,, Benedikt Hegner
13,, Beate Heinemann
57,, Lukas Heinrich
42,, Andreas Heiss
7,, José M. Hernández
99,, Michael Hildreth
112,, Mark Hodgkinson
63,, Stefan Hoeche
16,, Burt Holzman
5,, Peter Hristov
111,, Xingtao Huang
5,115, Vladimir N. Ivanchenko
113,, Todor Ivanov
5,, Jan Iven5 
68,, Brij Jashal
16,, Bodhitha Jayatilaka
89,, Roger Jones
45,, Michel Jouvin
16,, Soon Yung Jun
63,, Michael Kagan
91,, Charles William Kalderon
65,, Meghan Kane
5,, Edward Karavakis
79,, Daniel S. Katz
11,, Dorian Kcira
5,, Oliver Keeble
90,, Borut Paul Kersevan
16,, Michael Kirby
2,, Alexei Klimentov
94,, Markus Klute
35,, Ilya Komarov
60,, Dmitri Konstantinov
56,, Patrick Koppenburg
16,, Jim Kowalkowski
72,, Luke Kreczko72 
49,, Thomas Kuhr49 
16,, Robert Kutschke16 
12,, Valentin Kuznetsov
71,, Walter Lampl
2,, Eric Lancon
106,, David Lange
5,, Mario Lassnig
5,,  Paul Laycock
46,, Charles Leggett
75,, James Letts
13,, Birgit Lewendel
83,, Teng Li
16,, Guilherme Lima
61,, Jacob Linacre
18,, Tomas Linden
6,, Miron Livny
5,, Giuseppe Lo Presti
5,, Sebastian Lopienski
89,, Peter Love
16,, Adam Lyon
29,, Nicolò Magini
46,, Zachary L. Marshall
5,, Edoardo Martelli
61,, Stewart Martin‐Haugh
5,, Pere Mato
68,, Kajari Mazumdar
99,, Thomas McCauley
5,, Josh McFayden
95,, Shawn McKee
92,, Andrew McNab
78,, Rashid Mehdiyev
5,, Helge Meinhard
30,, Dario Menasce
5,, Patricia Mendez Lorenzo
74,, Alaettin Serhan Mete
33,, Michele Michelotto
49,, Jovan Mitrevski
5,, Lorenzo Moneta
118,, Ben Morgan
63,, Richard Mount
94,, Edward Moyse
10,77, Sean Murray
5,, Armin Nairz
79,, Mark S. Neubauer
16,, Andrew Norman
108,, Sérgio Novaes
5,, Mihaly Novak
22,, Arantza Oyanguren
114,, Nurcan Ozturk
20,59, Andres Pacheco Pages
120,, Michela Paganini
37,, Jerome Pansanel
116,, Vincent R. Pascuzzi
61,, Glenn Patrick
5,, Alex Pearce
54,, Ben Pearson
16,, Kevin Pedro
16,, Gabriel Perdue
7,59, Antonio Perez‐Calero Yzquierdo
15,, Luca Perrozzi
55,, Troels Petersen
5,, Marko Petric
42,, Andreas Petzold
21,, Jónatan Piedra
123,, Leo Piilonen
5,, Danilo Piparo
106,, Jim Pivarski
5,, Witold Pokorski
51,, Francesco Polci
13,, Karolos Potamianos
24,, Fernanda Psihas
121,, Albert Puig Navarro
42,, Günter Quast
56,124, Gerhard Raven
13,, Jürgen Reuter
5,, Alberto Ribon 
25,, Lorenzo Rinaldi
49,, Martin Ritter
13,, James Robinson
81,, Eduardo Rodrigues
5,, Stefan Roiser
45,, David Rousseau
86,, Gareth Roy
45,, Grigori Rybkine
5,, Andre Sailer
72,, Tai Sakuma
3,, Renato Santana
48,, Andrea Sartirana
58,, Heidi Schellman
5,, Jaroslava Schovancová
85,, Steven Schramm
5,, Markus Schulz
5,, Andrea Sciabà
98,, Sally Seidel
44,, Sezen Sekmen
102,, Cedric Serfon
100,, Horst Severini
16,, Elizabeth Sexton‐Kennedy
92,, Michael Seymour
5,, Davide Sgalaberna
46,, Illya Shapoval
5,, Jamie Shiers
67,, Jing‐Ge Shiu
5,, Hannah Short
25,, Gian Piero Siroli
86,, Sam Skipsey
5,, Tim Smith
2,, Scott Snyder
81,, Michael D. Sokoloff
16,, Panagiotis Spentzouris
17,, Hartmut Stadie
80,, Giordon Stark
86,, Gordon Stewart
5,, Graeme A. Stewart 
19,117, Arturo Sánchez
8,, Alberto Sánchez‐Hernández
74,, Anyes Taffard
36,, Umberto Tamponi
56,, Jeff Templon56 
5,, Giacomo Tenaglia 
46,, Vakhtang Tsulaia 
80,, Christopher Tunnell
16,, Eric Vaandering
5,, Andrea Valassi
84,, Sofia Vallecorsa
5,, Liviu Valsan5 
1,, Peter Van Gemmeren
4,, Renaud Vernet
2,, Brett Viren
11,, Jean‐Roch Vlimant
13,, Christian Voss 
16,, Margaret Votava
119,, Carl Vuosalo
56,, Carlos Vázquez Sierra
5,, Romain Wartel
110,, Gordon T. Watts
2,, Torre Wenaus
5,, Sandro Wenzel
53,, Mike Williams
58,, Frank Winklmeier
13,, Christoph Wissing
75,, Frank Wuerthwein
83,, Benjamin Wynne
23,, Zhang Xiaomei
63,, Wei Yang
23,, Efe Yazgan

1, US, High Energy Physics Division, Argonne National Laboratory, Argonne, IL, USA
2, US, Physics Department, Brookhaven National Laboratory, Upton, NY, USA
3, BR, Centro Brasileiro de Pesquisas Físicas, Rio de Janeiro, Brazil
4, FR, Centre de Calcul de l’IN2P3, Villeurbanne, Lyon, France
5, XX, CERN, Geneva, Switzerland
6, US, Center for High Throughput Computing, Computer Sciences Department, University of Wisconsin-Madison, Madison, WI, USA
7, ES, Centro de Investigaciones Energéticas Medioambientales y Tecnológicas (CIEMAT), Madrid, Spain
8, MX, Cinvestav, Mexico City, Mexico
9, IT, Centro Nazionale Analisi Fotogrammi (CNAF), INFN, Bologna, Italy
10, ZA, Center for High Performance Computing, Cape Town, South Africa
11, US, California Institute of Technology, Pasadena, CA, USA
12, US, Cornell University, Ithaca, NY, USA
13, DE, Deutsches Elektronen-Synchrotron, Hamburg, Germany
14, CH, Institute of Physics, École Polytechnique Fédérale de Lausanne (EPFL), Lausanne, Switzerland
15, CH, ETH Zürich-Institute for Particle Physics and Astrophysics (IPA), Zurich, Switzerland
16, US, Fermi National Accelerator Laboratory, Batavia, IL, USA
17, DE, University of Hamburg, Hamburg, Germany
18, FI, Helsinki Institute of Physics, Helsinki, Finland
19, IT, International Center for Theoretical Physics, Trieste, Italy
20, ES, Institut de Física d’Altes Energies and Departament de Física de la Universitat Autònoma de Barcelona and ICREA, Barcelona, Spain
21, ES, Instituto de Física de Cantabria (IFCA), CSIC-Universidad de Cantabria, Santander, Spain
22, ES, Instituto de Física Corpuscular, Centro Mixto Universidad de Valencia-CSIC, Valencia, Spain
23, CN, Institute of High Energy Physics, Chinese Academy of Sciences, Beijing, China
24, US, Department of Physics, Indiana University, Bloomington, IN, USA
25, US, INFN Sezione di Bologna, Università di Bologna, Bologna, Italy
26, IT, INFN Sezione di Bari, Università di Bari, Politecnico di Bari, Bari, Italy
27, IT, INFN Sezione di Catania, Università di Catania, Catania, Italy
28, IT, Università e INFN Ferrara, Ferrara, Italy
29, IT, INFN Sezione di Genova, Genoa, Italy
30, IT, INFN Sezione di Milano-Bicocca, Milan, Italy
31, IT, INFN Sezione di Napoli, Università di Napoli, Naples, Italy
32, IT, INFN Sezione di Pisa, Università di Pisa, Scuola Normale Superiore di Pisa, Pisa, Italy
33, IT, INFN Sezione di Padova, Università di Padova b, Padua, Italy
34, IT, INFN Sezione di Roma I, Università La Sapienza, Rome, Italy
35, IT, INFN Sezione di Trieste, Università di Trieste, Trieste, Italy
36, IT, INFN Sezione di Torino, Turin, Italy
37, FR, Université de Strasbourg, CNRS, IPHC UMR 7178, 67000 Strasbourg, France
38, UK, Imperial College London, London, UK
39, FR, DSM/IRFU (Institut de Recherches sur les Lois Fondamentales de l’Univers), CEA Saclay (Commissariat à l’Énergie Atomique), Gif‑sur‑Yvette, France
40, US, Thomas Jefferson National Accelerator Facility, Newport News, Virginia, VA, USA
41, SL, Jožef Stefan Institute, Ljubljana, Slovenia
42, DE, Karlsruhe Institute of Technology, Karlsruhe, Germany
43, PL, AGH University of Science and Technology, Faculty of Physics and Applied Computer Science, Kraków, Poland
44, KR, Kyungpook National University, Daegu, Republic of Korea
45, FR, LAL, Université Paris-Sud and CNRS/IN2P3, Orsay, France
46, US, Lawrence Berkeley National Laboratory and University of California, Berkeley, CA, USA
47, PT, Laboratório de Instrumentação e Física Experimental de Partículas (LIP), Lisbon, Portugal
48, FR, Laboratoire Leprince-Ringuet, École Polytechnique, CNRS/IN2P3, Université Paris-Saclay, Palaiseau, France
49, DE, Fakultät für Physik, Ludwig-Maximilians-Universität München, Munich, Germany
50, FR, Laboratoire de Physique Corpusculaire, Clermont Université and Université Blaise Pascal, CNRS/IN2P3, Clermont‑Ferrand, France
51, FR, Laboratoire de Physique Nucléaire et de Hautes Energies (LPNHE), Sorbonne Université, Université Paris Diderot, CNRS/IN2P3, Paris, France
52, FR, Laboratoire de Physique Subatomique et de Cosmologie, Université Joseph Fourier, CNRS/IN2P3, Institut National Polytechnique de Grenoble, Grenoble, France
53, US, Massachusetts Institute of Technology, Cambridge, MA, USA
54, DE, Max-Planck-Institut für Physik (Werner-Heisenberg-Institut), Munich, Germany
55, DK, Niels Bohr Institute, University of Copenhagen, Copenhagen, Denmark
56, NL, Nikhef National Institute for Subatomic Physics, Amsterdam, The Netherlands
57, US, Department of Physics, New York University, New York, NY, USA
58, US, Center for High Energy Physics, University of Oregon, Eugene, OR, USA
59, ES, Port d’Informació Científica (PIC), Universitat Autònoma de Barcelona (UAB), Barcelona, Spain
60, RU, High Energy Physics (IHEP), Protvino, Russia
61, UK, STFC Rutherford Appleton Laboratory, Didcot, UK
62, UK, Department of Physics, Royal Holloway University of London, Surrey, UK
63, US, SLAC National Accelerator Laboratory, Menlo Park, CA, USA
64, US, Simons Foundation, New York, NY, USA
65, DE, SoundCloud, Berlin, Germany
66, FR, SUBATECH, IMT Atlantique, Université de Nantes, CNRS-IN2P3, Nantes, France
67, TW, National Taiwan University, Taipei, Taiwan
68, IN, Tata Institute of Fundamental Research, Mumbai, India
69, DE, Technische Universität Dortmund, Dortmund, Germany
70, CA, Department of Physics, University of Alberta, Edmonton, AB, Canada
71, US, Department of Physics, University of Arizona, Tucson, AZ, USA
72, UK, H.H. Wills Physics Laboratory, University of Bristol, Bristol, UK
73, CA, Department of Physics, University of British Columbia, Vancouver, BC, Canada
74, US, Department of Physics and Astronomy, University of California Irvine, Irvine, CA, USA
75, US, University of California, San Diego, La Jolla, CA, USA
76, UK, Cavendish Laboratory, University of Cambridge, Cambridge, UK
77, ZA, Physics Department, University of Cape Town, Cape Town, South Africa
78, CA, Carleton University, Ottawa, ON, Canada
79, US, University of Illinois Urbana-Champaign, Champaign, IL, USA
80, US, Enrico Fermi Institute, University of Chicago, Chicago, IL, USA
81, US, University of Cincinnati, Cincinnati, OH, USA
82, US, Department of Physics, Duke University, Durham, NC, USA
83, UK, SUPA‑School of Physics and Astronomy, University of Edinburgh, Edinburgh, UK
84, KR, Gangneung-Wonju National University, Gangneung, South Korea
85, CH, Section de Physique, Université de Genève, Geneva, Switzerland
86, UK, SUPA‑School of Physics and Astronomy, University of Glasgow, Glasgow, UK
87, DE, Physikalisches Institut, Ruprecht-Karls-Universitat Heidelberg, Heidelberg, Germany
88, US, Department of Physics and Astronomy, University of Kentucky, Lexington, KY, USA
89, UK, Physics Department, Lancaster University, Lancaster, UK
90, SL, Department of Physics, Jožef Stefan Institute and University of Ljubljana, Ljubljana, Slovenia
91, SE, Fysiska institutionen, Lunds Universitet, Lund, Sweden
92, UK, School of Physics and Astronomy, University of Manchester, Manchester, UK
93, SL, University of Maribor, Ljubljana, Slovenia
94, US, Department of Physics, University of Massachusetts, Amherst, MA, USA
95, US, Department of Physics, The University of Michigan, Ann Arbor, MI, USA
96, PT, Departamento de Física, Universidade do Minho, Braga, Portugal
97, US, University of Nebraska-Lincoln, Lincoln, NE, USA
98, US, Department of Physics and Astronomy, University of New Mexico, Albuquerque, NM, USA
99, US, University of Notre Dame, Notre Dame, IN, USA
100, US, Homer L. Dodge Department of Physics and Astronomy, University of Oklahoma, Norman, OK, USA
101, US, The Ohio State University, Columbus, OH, USA
102, NO, Department of Physics, University of Oslo, Oslo, Norway
103, ES, Universidad de Oviedo, Oviedo, Spain
104, UK, Department of Physics, Oxford University, Oxford, UK
105, US, Department of Physics and Astronomy, University of Pittsburgh, Pittsburgh, PA, USA
106, US, Princeton University, Princeton, NJ, USA
107, US, Rice University, Houston, TX, USA
108, BR, Universidade Estadual Paulista, São Paulo, Brazil
109, IT, Dipartimento di Fisica, Università La Sapienza, Rome, Italy
110, US, University of Washington, Seattle, WA, USA
111, CN, School of Physics, Shandong University, Shandong, China
112, UK, Department of Physics and Astronomy, University of Sheffield, Sheffield, UK
113, BG, University of Sofia, Sofia, Bulgaria
114, US, Department of Physics, The University of Texas at Arlington, Arlington, TX, USA
115, RU, National Research Tomsk Polytechnic University, Tomsk, Russia
116, CA, Department of Physics, University of Toronto, Toronto, ON, Canada
117, IT, Dipartimento di Chimica, Fisica e Ambiente, Università di Udine, Udine, Italy
118, UK, Department of Physics, University of Warwick, Coventry, UK
119, US, University of Wisconsin-Madison, Madison, WI, USA
120, US, Department of Physics, Yale University, New Haven, CT, USA
121, CH, Physik‑Institut, Universität Zürich, Zurich, Switzerland
122, VN, IOP and GUST, Vietnam Academy of Science and Technology (VAST), Hanoi, Vietnam
123, US, Virginia Tech, Blacksburg, Virginia, VA, USA
124, NL, Vrije Universiteit Amsterdam, Amsterdam, The Netherlands


